<?xml version="1.0" encoding="UTF-8"?>
<!-- Generated by org.testng.reporters.JUnitXMLReporter -->
<testsuite hostname="PLELADDHASHL01" name="TruliaFF" tests="3" failures="0" timestamp="2 Jun 2014 01:06:48 GMT" time="47.962" errors="0">
  <testcase name="test1" time="4.903" classname="com.trulia.test.TestAgentLookUp"/>
  <testcase name="test1" time="13.09" classname="com.trulia.test.TestAgentLookUp"/>
  <testcase name="test1" time="5.754" classname="com.trulia.test.TestAgentLookUp"/>
</testsuite> <!-- TruliaFF -->
