<?xml version="1.0" encoding="UTF-8"?>
<!-- Generated by org.testng.reporters.JUnitXMLReporter -->
<testsuite hostname="PLELADDHASHL01" name="TruliaChrome" tests="4" failures="0" timestamp="2 Jun 2014 01:07:16 GMT" time="28.085" errors="0">
  <testcase name="test1" time="0.018" classname="com.trulia.test.TestHomePage"/>
  <testcase name="test2" time="0.357" classname="com.trulia.test.TestHomePage"/>
  <testcase name="test3" time="0.088" classname="com.trulia.test.TestHomePage"/>
  <testcase name="test4" time="0.061" classname="com.trulia.test.TestHomePage"/>
</testsuite> <!-- TruliaChrome -->
